2024-11-01 10:21:39.965  INFO   39 --- [ConfigurationController] -- SubmitConfiguration : Method called
2024-11-01 10:21:39.970  INFO   40 --- [ConfigurationController] -- SubmitConfiguration : Configuration[Total Number of Tickets - 50, Ticket Release Rate - 10, Customer Retrieval Rate - 5, Maximum Ticket Capacity - 20]
2024-11-01 10:21:39.970  INFO   38 --- [ConfigurationServiceImp] -- submitConfiguration : Method called
2024-11-01 10:21:39.974  INFO   54 --- [ConfigurationServiceImp] -- saveJsonFile : Method called
2024-11-01 10:21:39.974  ERROR  63 --- [ConfigurationServiceImp] -- saveJsonFile : An error occurred while saving json fileC:\Users\DhananjikaDissanayak\IdeaProjects\w1959653_dhananjika_niwarthani_backend\booking\booking\src\json\configuration.json (The system cannot find the path specified)
2024-11-11 20:38:51.454  INFO   43 --- [ConfigurationController] -- SubmitConfiguration : Method called
2024-11-11 20:38:51.459  INFO   44 --- [ConfigurationController] -- SubmitConfiguration : Configuration[Total Number of Tickets - 0, Ticket Release Rate - 0, Customer Retrieval Rate - 0, Maximum Ticket Capacity - 0]
2024-11-11 20:38:51.459  INFO   29 --- [ConfigurationServiceImp] -- submitConfiguration : Method called
2024-11-11 20:38:51.460  INFO   103 --- [ConfigurationServiceImp] -- validateConfiguration : Method called
2024-11-11 21:36:58.229  INFO   44 --- [ConfigurationController] -- SubmitConfiguration : Method called
2024-11-11 21:36:58.232  INFO   45 --- [ConfigurationController] -- SubmitConfiguration : Configuration[Total Number of Tickets - 0, Ticket Release Rate - 0, Customer Retrieval Rate - 0, Maximum Ticket Capacity - 0]
2024-11-11 21:36:58.232  INFO   29 --- [ConfigurationServiceImp] -- submitConfiguration : Method called
2024-11-11 21:36:58.233  INFO   103 --- [ConfigurationServiceImp] -- validateConfiguration : Method called
2024-11-11 21:37:11.101  INFO   44 --- [ConfigurationController] -- SubmitConfiguration : Method called
2024-11-11 21:37:11.102  INFO   45 --- [ConfigurationController] -- SubmitConfiguration : Configuration[Total Number of Tickets - 1000, Ticket Release Rate - 0, Customer Retrieval Rate - 0, Maximum Ticket Capacity - 0]
2024-11-11 21:37:11.102  INFO   29 --- [ConfigurationServiceImp] -- submitConfiguration : Method called
2024-11-11 21:37:11.102  INFO   103 --- [ConfigurationServiceImp] -- validateConfiguration : Method called
2024-11-11 21:37:11.102  INFO   103 --- [ConfigurationServiceImp] -- validateConfiguration : Method called
2024-11-11 21:37:23.621  INFO   44 --- [ConfigurationController] -- SubmitConfiguration : Method called
2024-11-11 21:37:23.622  INFO   45 --- [ConfigurationController] -- SubmitConfiguration : Configuration[Total Number of Tickets - 1000, Ticket Release Rate - 0, Customer Retrieval Rate - 0, Maximum Ticket Capacity - 1500]
2024-11-11 21:37:23.622  INFO   29 --- [ConfigurationServiceImp] -- submitConfiguration : Method called
2024-11-11 21:37:23.622  INFO   103 --- [ConfigurationServiceImp] -- validateConfiguration : Method called
2024-11-11 21:37:23.622  INFO   103 --- [ConfigurationServiceImp] -- validateConfiguration : Method called
2024-11-11 21:37:36.069  INFO   44 --- [ConfigurationController] -- SubmitConfiguration : Method called
2024-11-11 21:37:36.070  INFO   45 --- [ConfigurationController] -- SubmitConfiguration : Configuration[Total Number of Tickets - 1000, Ticket Release Rate - 0, Customer Retrieval Rate - 0, Maximum Ticket Capacity - 500]
2024-11-11 21:37:36.071  INFO   29 --- [ConfigurationServiceImp] -- submitConfiguration : Method called
2024-11-11 21:37:36.072  INFO   103 --- [ConfigurationServiceImp] -- validateConfiguration : Method called
2024-11-11 21:37:36.072  INFO   103 --- [ConfigurationServiceImp] -- validateConfiguration : Method called
2024-11-11 21:37:36.073  INFO   103 --- [ConfigurationServiceImp] -- validateConfiguration : Method called
2024-11-11 21:37:44.701  INFO   44 --- [ConfigurationController] -- SubmitConfiguration : Method called
2024-11-11 21:37:44.701  INFO   45 --- [ConfigurationController] -- SubmitConfiguration : Configuration[Total Number of Tickets - 1000, Ticket Release Rate - 1500, Customer Retrieval Rate - 0, Maximum Ticket Capacity - 500]
2024-11-11 21:37:44.702  INFO   29 --- [ConfigurationServiceImp] -- submitConfiguration : Method called
2024-11-11 21:37:44.702  INFO   103 --- [ConfigurationServiceImp] -- validateConfiguration : Method called
2024-11-11 21:37:44.702  INFO   103 --- [ConfigurationServiceImp] -- validateConfiguration : Method called
2024-11-11 21:37:44.702  INFO   103 --- [ConfigurationServiceImp] -- validateConfiguration : Method called
2024-11-11 21:37:55.475  INFO   44 --- [ConfigurationController] -- SubmitConfiguration : Method called
2024-11-11 21:37:55.476  INFO   45 --- [ConfigurationController] -- SubmitConfiguration : Configuration[Total Number of Tickets - 1000, Ticket Release Rate - 800, Customer Retrieval Rate - 0, Maximum Ticket Capacity - 500]
2024-11-11 21:37:55.476  INFO   29 --- [ConfigurationServiceImp] -- submitConfiguration : Method called
2024-11-11 21:37:55.476  INFO   103 --- [ConfigurationServiceImp] -- validateConfiguration : Method called
2024-11-11 21:37:55.476  INFO   103 --- [ConfigurationServiceImp] -- validateConfiguration : Method called
2024-11-11 21:37:55.476  INFO   103 --- [ConfigurationServiceImp] -- validateConfiguration : Method called
2024-11-11 21:38:05.173  INFO   44 --- [ConfigurationController] -- SubmitConfiguration : Method called
2024-11-11 21:38:05.173  INFO   45 --- [ConfigurationController] -- SubmitConfiguration : Configuration[Total Number of Tickets - 1000, Ticket Release Rate - 100, Customer Retrieval Rate - 0, Maximum Ticket Capacity - 500]
2024-11-11 21:38:05.174  INFO   29 --- [ConfigurationServiceImp] -- submitConfiguration : Method called
2024-11-11 21:38:05.174  INFO   103 --- [ConfigurationServiceImp] -- validateConfiguration : Method called
2024-11-11 21:38:05.175  INFO   103 --- [ConfigurationServiceImp] -- validateConfiguration : Method called
2024-11-11 21:38:05.175  INFO   103 --- [ConfigurationServiceImp] -- validateConfiguration : Method called
2024-11-11 21:38:05.175  INFO   103 --- [ConfigurationServiceImp] -- validateConfiguration : Method called
2024-11-11 21:38:18.659  INFO   44 --- [ConfigurationController] -- SubmitConfiguration : Method called
2024-11-11 21:38:18.660  INFO   45 --- [ConfigurationController] -- SubmitConfiguration : Configuration[Total Number of Tickets - 1000, Ticket Release Rate - 100, Customer Retrieval Rate - 1500, Maximum Ticket Capacity - 500]
2024-11-11 21:38:18.660  INFO   29 --- [ConfigurationServiceImp] -- submitConfiguration : Method called
2024-11-11 21:38:18.660  INFO   103 --- [ConfigurationServiceImp] -- validateConfiguration : Method called
2024-11-11 21:38:18.660  INFO   103 --- [ConfigurationServiceImp] -- validateConfiguration : Method called
2024-11-11 21:38:18.660  INFO   103 --- [ConfigurationServiceImp] -- validateConfiguration : Method called
2024-11-11 21:38:18.660  INFO   103 --- [ConfigurationServiceImp] -- validateConfiguration : Method called
2024-11-11 21:38:27.245  INFO   44 --- [ConfigurationController] -- SubmitConfiguration : Method called
2024-11-11 21:38:27.245  INFO   45 --- [ConfigurationController] -- SubmitConfiguration : Configuration[Total Number of Tickets - 1000, Ticket Release Rate - 100, Customer Retrieval Rate - 800, Maximum Ticket Capacity - 500]
2024-11-11 21:38:27.246  INFO   29 --- [ConfigurationServiceImp] -- submitConfiguration : Method called
2024-11-11 21:38:27.246  INFO   103 --- [ConfigurationServiceImp] -- validateConfiguration : Method called
2024-11-11 21:38:27.246  INFO   103 --- [ConfigurationServiceImp] -- validateConfiguration : Method called
2024-11-11 21:38:27.246  INFO   103 --- [ConfigurationServiceImp] -- validateConfiguration : Method called
2024-11-11 21:38:27.246  INFO   103 --- [ConfigurationServiceImp] -- validateConfiguration : Method called
2024-11-11 21:38:39.716  INFO   44 --- [ConfigurationController] -- SubmitConfiguration : Method called
2024-11-11 21:38:39.717  INFO   45 --- [ConfigurationController] -- SubmitConfiguration : Configuration[Total Number of Tickets - 1000, Ticket Release Rate - 100, Customer Retrieval Rate - 150, Maximum Ticket Capacity - 500]
2024-11-11 21:38:39.718  INFO   29 --- [ConfigurationServiceImp] -- submitConfiguration : Method called
2024-11-11 21:38:39.718  INFO   103 --- [ConfigurationServiceImp] -- validateConfiguration : Method called
2024-11-11 21:38:39.719  INFO   103 --- [ConfigurationServiceImp] -- validateConfiguration : Method called
2024-11-11 21:38:39.719  INFO   103 --- [ConfigurationServiceImp] -- validateConfiguration : Method called
2024-11-11 21:38:39.720  INFO   103 --- [ConfigurationServiceImp] -- validateConfiguration : Method called
2024-11-11 21:38:39.720  INFO   60 --- [ConfigurationServiceImp] -- saveJsonFile : Method called
2024-11-11 21:38:39.753  INFO   68 --- [ConfigurationServiceImp] -- saveJsonFile : Details saved to configuration.json file
